<?xml version="1.0" encoding="UTF-8"?>
<!-- Generated by org.testng.reporters.JUnitReportReporter -->
<testsuite hostname="DESKTOP-PMRKS2H" name="com.expedia.flightsbooking.TestNG_Grouping" tests="4" failures="0" timestamp="26 Dec 2018 16:16:01 GMT" time="0.024" errors="0">
  <testcase name="BMW3Series" time="0.004" classname="com.expedia.flightsbooking.TestNG_Grouping"/>
  <testcase name="BMWX3" time="0.005" classname="com.expedia.flightsbooking.TestNG_Grouping"/>
  <testcase name="AudiA6" time="0.012" classname="com.expedia.flightsbooking.TestNG_Grouping"/>
  <testcase name="HondaAccord" time="0.003" classname="com.expedia.flightsbooking.TestNG_Grouping"/>
</testsuite> <!-- com.expedia.flightsbooking.TestNG_Grouping -->
